{"/home/runner/work/qa-js-2023-03-demenchuk-lesson4/qa-js-2023-03-demenchuk-lesson4/src/app.js": {"path":"/home/runner/work/qa-js-2023-03-demenchuk-lesson4/qa-js-2023-03-demenchuk-lesson4/src/app.js","statementMap":{"0":{"start":{"line":7,"column":27},"end":{"line":7,"column":86}},"1":{"start":{"line":7,"column":37},"end":{"line":7,"column":86}},"2":{"start":{"line":16,"column":24},"end":{"line":16,"column":65}},"3":{"start":{"line":16,"column":34},"end":{"line":16,"column":65}},"4":{"start":{"line":30,"column":24},"end":{"line":41,"column":1}},"5":{"start":{"line":31,"column":4},"end":{"line":33,"column":5}},"6":{"start":{"line":32,"column":8},"end":{"line":32,"column":52}},"7":{"start":{"line":34,"column":4},"end":{"line":36,"column":5}},"8":{"start":{"line":35,"column":8},"end":{"line":35,"column":69}},"9":{"start":{"line":37,"column":18},"end":{"line":39,"column":9}},"10":{"start":{"line":38,"column":8},"end":{"line":38,"column":48}},"11":{"start":{"line":40,"column":4},"end":{"line":40,"column":42}},"12":{"start":{"line":43,"column":15},"end":{"line":47,"column":1}},"13":{"start":{"line":51,"column":0},"end":{"line":51,"column":24}},"14":{"start":{"line":62,"column":21},"end":{"line":62,"column":22}},"15":{"start":{"line":63,"column":4},"end":{"line":65,"column":5}},"16":{"start":{"line":64,"column":8},"end":{"line":64,"column":34}},"17":{"start":{"line":66,"column":4},"end":{"line":66,"column":22}},"18":{"start":{"line":78,"column":4},"end":{"line":78,"column":76}},"19":{"start":{"line":78,"column":58},"end":{"line":78,"column":71}},"20":{"start":{"line":85,"column":4},"end":{"line":85,"column":66}},"21":{"start":{"line":86,"column":4},"end":{"line":86,"column":67}},"22":{"start":{"line":87,"column":4},"end":{"line":87,"column":67}},"23":{"start":{"line":97,"column":21},"end":{"line":97,"column":22}},"24":{"start":{"line":98,"column":4},"end":{"line":100,"column":5}},"25":{"start":{"line":99,"column":8},"end":{"line":99,"column":34}},"26":{"start":{"line":101,"column":4},"end":{"line":101,"column":22}}},"fnMap":{"0":{"name":"(anonymous_0)","decl":{"start":{"line":7,"column":27},"end":{"line":7,"column":28}},"loc":{"start":{"line":7,"column":37},"end":{"line":7,"column":86}},"line":7},"1":{"name":"(anonymous_1)","decl":{"start":{"line":16,"column":24},"end":{"line":16,"column":25}},"loc":{"start":{"line":16,"column":34},"end":{"line":16,"column":65}},"line":16},"2":{"name":"(anonymous_2)","decl":{"start":{"line":30,"column":24},"end":{"line":30,"column":25}},"loc":{"start":{"line":30,"column":54},"end":{"line":41,"column":1}},"line":30},"3":{"name":"(anonymous_3)","decl":{"start":{"line":37,"column":31},"end":{"line":37,"column":32}},"loc":{"start":{"line":37,"column":48},"end":{"line":39,"column":5}},"line":37},"4":{"name":"getScore","decl":{"start":{"line":61,"column":9},"end":{"line":61,"column":17}},"loc":{"start":{"line":61,"column":26},"end":{"line":67,"column":1}},"line":61},"5":{"name":"getScore1","decl":{"start":{"line":77,"column":9},"end":{"line":77,"column":18}},"loc":{"start":{"line":77,"column":27},"end":{"line":79,"column":1}},"line":77},"6":{"name":"(anonymous_6)","decl":{"start":{"line":78,"column":40},"end":{"line":78,"column":41}},"loc":{"start":{"line":78,"column":58},"end":{"line":78,"column":71}},"line":78},"7":{"name":"printInLogAllGetScore","decl":{"start":{"line":84,"column":9},"end":{"line":84,"column":30}},"loc":{"start":{"line":84,"column":34},"end":{"line":88,"column":1}},"line":84},"8":{"name":"getScore2","decl":{"start":{"line":96,"column":9},"end":{"line":96,"column":18}},"loc":{"start":{"line":96,"column":27},"end":{"line":102,"column":1}},"line":96}},"branchMap":{"0":{"loc":{"start":{"line":7,"column":37},"end":{"line":7,"column":86}},"type":"binary-expr","locations":[{"start":{"line":7,"column":37},"end":{"line":7,"column":43}},{"start":{"line":7,"column":47},"end":{"line":7,"column":63}},{"start":{"line":7,"column":67},"end":{"line":7,"column":86}}],"line":7},"1":{"loc":{"start":{"line":16,"column":35},"end":{"line":16,"column":45}},"type":"binary-expr","locations":[{"start":{"line":16,"column":35},"end":{"line":16,"column":39}},{"start":{"line":16,"column":43},"end":{"line":16,"column":45}}],"line":16},"2":{"loc":{"start":{"line":30,"column":25},"end":{"line":30,"column":35}},"type":"default-arg","locations":[{"start":{"line":30,"column":33},"end":{"line":30,"column":35}}],"line":30},"3":{"loc":{"start":{"line":30,"column":37},"end":{"line":30,"column":49}},"type":"default-arg","locations":[{"start":{"line":30,"column":48},"end":{"line":30,"column":49}}],"line":30},"4":{"loc":{"start":{"line":31,"column":4},"end":{"line":33,"column":5}},"type":"if","locations":[{"start":{"line":31,"column":4},"end":{"line":33,"column":5}},{"start":{},"end":{}}],"line":31},"5":{"loc":{"start":{"line":34,"column":4},"end":{"line":36,"column":5}},"type":"if","locations":[{"start":{"line":34,"column":4},"end":{"line":36,"column":5}},{"start":{},"end":{}}],"line":34}},"s":{"0":1,"1":6,"2":1,"3":9,"4":1,"5":15,"6":1,"7":14,"8":1,"9":13,"10":17,"11":13,"12":1,"13":1,"14":1,"15":1,"16":3,"17":1,"18":1,"19":3,"20":1,"21":1,"22":1,"23":1,"24":1,"25":3,"26":1},"f":{"0":6,"1":9,"2":15,"3":17,"4":1,"5":1,"6":3,"7":1,"8":1},"b":{"0":[6,6,4],"1":[9,3],"2":[0],"3":[2],"4":[1,14],"5":[1,13]},"_coverageSchema":"1a1c01bbd47fc00a2c39e90264f33305004495a9","hash":"147a336b26c1c413abf9b19b50eff144a8735fac"}
}
