TN:
SF:src/app.js
FN:7,(anonymous_0)
FN:16,(anonymous_1)
FN:30,(anonymous_2)
FN:37,(anonymous_3)
FN:61,getScore
FN:77,getScore1
FN:78,(anonymous_6)
FN:84,printInLogAllGetScore
FN:96,getScore2
FNF:9
FNH:9
FNDA:6,(anonymous_0)
FNDA:9,(anonymous_1)
FNDA:15,(anonymous_2)
FNDA:17,(anonymous_3)
FNDA:1,getScore
FNDA:1,getScore1
FNDA:3,(anonymous_6)
FNDA:1,printInLogAllGetScore
FNDA:1,getScore2
DA:7,6
DA:16,9
DA:30,1
DA:31,15
DA:32,1
DA:34,14
DA:35,1
DA:37,13
DA:38,17
DA:40,13
DA:43,1
DA:51,1
DA:62,1
DA:63,1
DA:64,3
DA:66,1
DA:78,3
DA:85,1
DA:86,1
DA:87,1
DA:97,1
DA:98,1
DA:99,3
DA:101,1
LF:24
LH:24
BRDA:7,0,0,6
BRDA:7,0,1,6
BRDA:7,0,2,4
BRDA:16,1,0,9
BRDA:16,1,1,3
BRDA:30,2,0,0
BRDA:30,3,0,2
BRDA:31,4,0,1
BRDA:31,4,1,14
BRDA:34,5,0,1
BRDA:34,5,1,13
BRF:11
BRH:10
end_of_record
