<?xml version="1.0" encoding="UTF-8"?>
<coverage generated="1685354152744" clover="3.2.0">
  <project timestamp="1685354152744" name="All files">
    <metrics statements="24" coveredstatements="24" conditionals="11" coveredconditionals="10" methods="9" coveredmethods="9" elements="44" coveredelements="43" complexity="0" loc="24" ncloc="24" packages="1" files="1" classes="1"/>
    <file name="app.js" path="/home/runner/work/qa-js-2023-03-demenchuk-lesson4/qa-js-2023-03-demenchuk-lesson4/src/app.js">
      <metrics statements="24" coveredstatements="24" conditionals="11" coveredconditionals="10" methods="9" coveredmethods="9"/>
      <line num="7" count="6" type="cond" truecount="3" falsecount="0"/>
      <line num="16" count="9" type="cond" truecount="2" falsecount="0"/>
      <line num="30" count="1" type="cond" truecount="1" falsecount="1"/>
      <line num="31" count="15" type="cond" truecount="2" falsecount="0"/>
      <line num="32" count="1" type="stmt"/>
      <line num="34" count="14" type="cond" truecount="2" falsecount="0"/>
      <line num="35" count="1" type="stmt"/>
      <line num="37" count="13" type="stmt"/>
      <line num="38" count="17" type="stmt"/>
      <line num="40" count="13" type="stmt"/>
      <line num="43" count="1" type="stmt"/>
      <line num="51" count="1" type="stmt"/>
      <line num="62" count="1" type="stmt"/>
      <line num="63" count="1" type="stmt"/>
      <line num="64" count="3" type="stmt"/>
      <line num="66" count="1" type="stmt"/>
      <line num="78" count="3" type="stmt"/>
      <line num="85" count="1" type="stmt"/>
      <line num="86" count="1" type="stmt"/>
      <line num="87" count="1" type="stmt"/>
      <line num="97" count="1" type="stmt"/>
      <line num="98" count="1" type="stmt"/>
      <line num="99" count="3" type="stmt"/>
      <line num="101" count="1" type="stmt"/>
    </file>
  </project>
</coverage>
